Arguments: 
  C:\Program Files\nodejs\node.exe C:\Users\Dylan\.node\corepack\yarn\1.22.15\bin\yarn.js add react-icons

PATH: 
  C:\Program Files (x86)\Common Files\Intel\Shared Libraries\redist\intel64\compiler;C:\Program Files (x86)\Common Files\Oracle\Java\javapath;C:\WINDOWS\system32;C:\WINDOWS;C:\WINDOWS\System32\Wbem;C:\WINDOWS\System32\WindowsPowerShell\v1.0\;C:\WINDOWS\System32\OpenSSH\;C:\Program Files (x86)\NVIDIA Corporation\PhysX\Common;C:\Program Files\NVIDIA Corporation\NVIDIA NvDLISR;C:\xampp\php;C:\ProgramData\ComposerSetup\bin;C:\Program Files\Git\cmd;C:\ProgramData\chocolatey\bin;C:\Program Files\nodejs\;C:\Program Files\OpenJDK\openjdk-11.0.13_8\bin;C:\Users\Dylan\.amplify\bin;C:\Users\Dylan\.amplify\bin;C:\Users\Dylan\scoop\shims;C:\Users\Dylan\AppData\Local\Microsoft\WindowsApps;C:\Users\Dylan\AppData\Roaming\Composer\vendor\bin;C:\Users\Dylan\AppData\Local\Programs\Microsoft VS Code\bin;C:\Users\Dylan\AppData\Roaming\npm\;C:\Users\Dylan\AppData\Local\Android\Sdk\platform-tools;C:\Users\Dylan\AppData\Roaming\npm;C:\Program Files\OpenSSL-Win64\bin

Yarn version: 
  1.22.15

Node version: 
  16.14.0

Platform: 
  win32 x64

Trace: 
  Error: EPERM: operation not permitted, unlink 'C:\Users\Dylan\Documents\Projets\Crypton\client\node_modules\esbuild-windows-64\esbuild.exe'

npm manifest: 
  {
    "name": "crypton",
    "private": true,
    "version": "0.0.0",
    "scripts": {
      "dev": "vite",
      "build": "vite build",
      "preview": "vite preview"
    },
    "dependencies": {
      "react": "^18.0.0",
      "react-dom": "^18.0.0"
    },
    "devDependencies": {
      "@types/react": "^18.0.0",
      "@types/react-dom": "^18.0.0",
      "@vitejs/plugin-react": "^1.3.0",
      "autoprefixer": "^10.4.7",
      "postcss": "^8.4.14",
      "tailwindcss": "^3.1.6",
      "vite": "^2.9.9"
    }
  }

yarn manifest: 
  No manifest

Lockfile: 
  No lockfile
